<?xml version="1.0" encoding="UTF-8"?>
<!-- Generated by org.testng.reporters.JUnitReportReporter -->
<testsuite hostname="XATLCAMP04967" name="com.selenium.hybrid.testcases.GmailLogin" tests="1" failures="0" timestamp="15 Jan 2017 00:57:47 GMT" time="5.589" errors="0">
  <testcase name="doLogin" time="5.589" classname="com.selenium.hybrid.testcases.GmailLogin"/>
</testsuite> <!-- com.selenium.hybrid.testcases.GmailLogin -->
